# JRE version: OpenJDK Runtime Environment (8.0_242-b01) (build 1.8.0_242-release-1644-b01)
# Java VM: OpenJDK 64-Bit Server VM (25.242-b01 mixed mode windows-amd64 compressed oops)
Heap:
 PSYoungGen      total 481792K, used 413113K [0x00000000d5580000, 0x00000000fa280000, 0x0000000100000000)
  eden space 370688K, 100% used [0x00000000d5580000,0x00000000ebf80000,0x00000000ebf80000)
  from space 111104K, 38% used [0x00000000ebf80000,0x00000000ee8ee760,0x00000000f2c00000)
  to   space 104960K, 33% used [0x00000000f3c00000,0x00000000f5dea160,0x00000000fa280000)
 ParOldGen       total 425984K, used 296253K [0x0000000080000000, 0x000000009a000000, 0x00000000d5580000)
  object space 425984K, 69% used [0x0000000080000000,0x000000009214f5e0,0x000000009a000000)
 Metaspace       used 113761K, capacity 122294K, committed 122712K, reserved 1155072K
  class space    used 14526K, capacity 16121K, committed 16512K, reserved 1048576K
GC Heap History (10 events):
Event: 2864.522 GC heap after
Heap after GC invocations=43 (full 6):
 PSYoungGen      total 430592K, used 15754K [0x00000000d5580000, 0x00000000f8000000, 0x0000000100000000)
  eden space 327680K, 0% used [0x00000000d5580000,0x00000000d5580000,0x00000000e9580000)
  from space 102912K, 15% used [0x00000000e9580000,0x00000000ea4e2b10,0x00000000efa00000)
  to   space 101376K, 0% used [0x00000000f1d00000,0x00000000f1d00000,0x00000000f8000000)
 ParOldGen       total 425984K, used 268582K [0x0000000080000000, 0x000000009a000000, 0x00000000d5580000)
  object space 425984K, 63% used [0x0000000080000000,0x00000000906498c8,0x000000009a000000)
 Metaspace       used 111792K, capacity 119660K, committed 120152K, reserved 1153024K
  class space    used 14326K, capacity 15846K, committed 16256K, reserved 1048576K
}
Event: 3351.805 GC heap before
{Heap before GC invocations=44 (full 6):
 PSYoungGen      total 430592K, used 343434K [0x00000000d5580000, 0x00000000f8000000, 0x0000000100000000)
  eden space 327680K, 100% used [0x00000000d5580000,0x00000000e9580000,0x00000000e9580000)
  from space 102912K, 15% used [0x00000000e9580000,0x00000000ea4e2b10,0x00000000efa00000)
  to   space 101376K, 0% used [0x00000000f1d00000,0x00000000f1d00000,0x00000000f8000000)
 ParOldGen       total 425984K, used 268582K [0x0000000080000000, 0x000000009a000000, 0x00000000d5580000)
  object space 425984K, 63% used [0x0000000080000000,0x00000000906498c8,0x000000009a000000)
 Metaspace       used 112468K, capacity 120804K, committed 121432K, reserved 1155072K
  class space    used 14418K, capacity 16014K, committed 16512K, reserved 1048576K
Event: 3351.833 GC heap after
Heap after GC invocations=44 (full 6):
 PSYoungGen      total 449024K, used 20681K [0x00000000d5580000, 0x00000000f7480000, 0x0000000100000000)
  eden space 359424K, 0% used [0x00000000d5580000,0x00000000d5580000,0x00000000eb480000)
  from space 89600K, 23% used [0x00000000f1d00000,0x00000000f3132738,0x00000000f7480000)
  to   space 98304K, 0% used [0x00000000eb480000,0x00000000eb480000,0x00000000f1480000)
 ParOldGen       total 425984K, used 268590K [0x0000000080000000, 0x000000009a000000, 0x00000000d5580000)
  object space 425984K, 63% used [0x0000000080000000,0x000000009064b8c8,0x000000009a000000)
 Metaspace       used 112468K, capacity 120804K, committed 121432K, reserved 1155072K
  class space    used 14418K, capacity 16014K, committed 16512K, reserved 1048576K
}
Event: 3360.949 GC heap before
{Heap before GC invocations=45 (full 6):
 PSYoungGen      total 449024K, used 380105K [0x00000000d5580000, 0x00000000f7480000, 0x0000000100000000)
  eden space 359424K, 100% used [0x00000000d5580000,0x00000000eb480000,0x00000000eb480000)
  from space 89600K, 23% used [0x00000000f1d00000,0x00000000f3132738,0x00000000f7480000)
  to   space 98304K, 0% used [0x00000000eb480000,0x00000000eb480000,0x00000000f1480000)
 ParOldGen       total 425984K, used 268592K [0x0000000080000000, 0x000000009a000000, 0x00000000d5580000)
  object space 425984K, 63% used [0x0000000080000000,0x000000009064c3b0,0x000000009a000000)
 Metaspace       used 113092K, capacity 121588K, committed 122200K, reserved 1155072K
  class space    used 14458K, capacity 16072K, committed 16512K, reserved 1048576K
Event: 3360.989 GC heap after
Heap after GC invocations=45 (full 6):
 PSYoungGen      total 457728K, used 38667K [0x00000000d5580000, 0x00000000f8680000, 0x0000000100000000)
  eden space 359424K, 0% used [0x00000000d5580000,0x00000000d5580000,0x00000000eb480000)
  from space 98304K, 39% used [0x00000000eb480000,0x00000000eda42c60,0x00000000f1480000)
  to   space 92672K, 0% used [0x00000000f2c00000,0x00000000f2c00000,0x00000000f8680000)
 ParOldGen       total 425984K, used 268600K [0x0000000080000000, 0x000000009a000000, 0x00000000d5580000)
  object space 425984K, 63% used [0x0000000080000000,0x000000009064e3b0,0x000000009a000000)
 Metaspace       used 113092K, capacity 121588K, committed 122200K, reserved 1155072K
  class space    used 14458K, capacity 16072K, committed 16512K, reserved 1048576K
}
Event: 3364.477 GC heap before
{Heap before GC invocations=46 (full 6):
 PSYoungGen      total 457728K, used 398091K [0x00000000d5580000, 0x00000000f8680000, 0x0000000100000000)
  eden space 359424K, 100% used [0x00000000d5580000,0x00000000eb480000,0x00000000eb480000)
  from space 98304K, 39% used [0x00000000eb480000,0x00000000eda42c60,0x00000000f1480000)
  to   space 92672K, 0% used [0x00000000f2c00000,0x00000000f2c00000,0x00000000f8680000)
 ParOldGen       total 425984K, used 268608K [0x0000000080000000, 0x000000009a000000, 0x00000000d5580000)
  object space 425984K, 63% used [0x0000000080000000,0x00000000906500e8,0x000000009a000000)
 Metaspace       used 113234K, capacity 121660K, committed 122200K, reserved 1155072K
  class space    used 14459K, capacity 16072K, committed 16512K, reserved 1048576K
Event: 3364.618 GC heap after
Heap after GC invocations=46 (full 6):
 PSYoungGen      total 463360K, used 92665K [0x00000000d5580000, 0x00000000fa980000, 0x0000000100000000)
  eden space 370688K, 0% used [0x00000000d5580000,0x00000000d5580000,0x00000000ebf80000)
  from space 92672K, 99% used [0x00000000f2c00000,0x00000000f867e688,0x00000000f8680000)
  to   space 111104K, 0% used [0x00000000ebf80000,0x00000000ebf80000,0x00000000f2c00000)
 ParOldGen       total 425984K, used 278263K [0x0000000080000000, 0x000000009a000000, 0x00000000d5580000)
  object space 425984K, 65% used [0x0000000080000000,0x0000000090fbdff8,0x000000009a000000)
 Metaspace       used 113234K, capacity 121660K, committed 122200K, reserved 1155072K
  class space    used 14459K, capacity 16072K, committed 16512K, reserved 1048576K
}
Event: 3373.307 GC heap before
{Heap before GC invocations=47 (full 6):
 PSYoungGen      total 463360K, used 463353K [0x00000000d5580000, 0x00000000fa980000, 0x0000000100000000)
  eden space 370688K, 100% used [0x00000000d5580000,0x00000000ebf80000,0x00000000ebf80000)
  from space 92672K, 99% used [0x00000000f2c00000,0x00000000f867e688,0x00000000f8680000)
  to   space 111104K, 0% used [0x00000000ebf80000,0x00000000ebf80000,0x00000000f2c00000)
 ParOldGen       total 425984K, used 278263K [0x0000000080000000, 0x000000009a000000, 0x00000000d5580000)
  object space 425984K, 65% used [0x0000000080000000,0x0000000090fbdff8,0x000000009a000000)
 Metaspace       used 113543K, capacity 121962K, committed 122456K, reserved 1155072K
  class space    used 14490K, capacity 16081K, committed 16512K, reserved 1048576K
Event: 3373.406 GC heap after
Heap after GC invocations=47 (full 6):
 PSYoungGen      total 481792K, used 42425K [0x00000000d5580000, 0x00000000fa280000, 0x0000000100000000)
  eden space 370688K, 0% used [0x00000000d5580000,0x00000000d5580000,0x00000000ebf80000)
  from space 111104K, 38% used [0x00000000ebf80000,0x00000000ee8ee760,0x00000000f2c00000)
  to   space 104960K, 0% used [0x00000000f3c00000,0x00000000f3c00000,0x00000000fa280000)
 ParOldGen       total 425984K, used 296245K [0x0000000080000000, 0x000000009a000000, 0x00000000d5580000)
  object space 425984K, 69% used [0x0000000080000000,0x000000009214d5e0,0x000000009a000000)
 Metaspace       used 113543K, capacity 121962K, committed 122456K, reserved 1155072K
  class space    used 14490K, capacity 16081K, committed 16512K, reserved 1048576K
}
Event: 3376.139 GC heap before
{Heap before GC invocations=48 (full 6):
 PSYoungGen      total 481792K, used 413113K [0x00000000d5580000, 0x00000000fa280000, 0x0000000100000000)
  eden space 370688K, 100% used [0x00000000d5580000,0x00000000ebf80000,0x00000000ebf80000)
  from space 111104K, 38% used [0x00000000ebf80000,0x00000000ee8ee760,0x00000000f2c00000)
  to   space 104960K, 0% used [0x00000000f3c00000,0x00000000f3c00000,0x00000000fa280000)
 ParOldGen       total 425984K, used 296245K [0x0000000080000000, 0x000000009a000000, 0x00000000d5580000)
  object space 425984K, 69% used [0x0000000080000000,0x000000009214d5e0,0x000000009a000000)
 Metaspace       used 113761K, capacity 122294K, committed 122712K, reserved 1155072K
  class space    used 14526K, capacity 16121K, committed 16512K, reserved 1048576K

